{"/home/ricardo/repositorio/copyparcial2/parcial2Grupo2/controllers/auth.controller.js": {"path":"/home/ricardo/repositorio/copyparcial2/parcial2Grupo2/controllers/auth.controller.js","statementMap":{"0":{"start":{"line":1,"column":15},"end":{"line":1,"column":32}},"1":{"start":{"line":2,"column":25},"end":{"line":2,"column":64}},"2":{"start":{"line":3,"column":25},"end":{"line":3,"column":65}},"3":{"start":{"line":6,"column":17},"end":{"line":38,"column":1}},"4":{"start":{"line":7,"column":2},"end":{"line":37,"column":3}},"5":{"start":{"line":8,"column":50},"end":{"line":8,"column":58}},"6":{"start":{"line":11,"column":29},"end":{"line":11,"column":77}},"7":{"start":{"line":12,"column":4},"end":{"line":16,"column":5}},"8":{"start":{"line":13,"column":6},"end":{"line":15,"column":64}},"9":{"start":{"line":18,"column":25},"end":{"line":23,"column":6}},"10":{"start":{"line":25,"column":18},"end":{"line":25,"column":44}},"11":{"start":{"line":27,"column":4},"end":{"line":34,"column":6}},"12":{"start":{"line":36,"column":4},"end":{"line":36,"column":15}},"13":{"start":{"line":41,"column":14},"end":{"line":69,"column":1}},"14":{"start":{"line":42,"column":2},"end":{"line":68,"column":3}},"15":{"start":{"line":43,"column":32},"end":{"line":43,"column":40}},"16":{"start":{"line":45,"column":20},"end":{"line":45,"column":68}},"17":{"start":{"line":46,"column":4},"end":{"line":48,"column":5}},"18":{"start":{"line":47,"column":6},"end":{"line":47,"column":71}},"19":{"start":{"line":51,"column":27},"end":{"line":51,"column":75}},"20":{"start":{"line":52,"column":4},"end":{"line":54,"column":5}},"21":{"start":{"line":53,"column":6},"end":{"line":53,"column":71}},"22":{"start":{"line":56,"column":18},"end":{"line":56,"column":39}},"23":{"start":{"line":58,"column":4},"end":{"line":65,"column":6}},"24":{"start":{"line":67,"column":4},"end":{"line":67,"column":15}},"25":{"start":{"line":72,"column":18},"end":{"line":86,"column":1}},"26":{"start":{"line":73,"column":2},"end":{"line":85,"column":3}},"27":{"start":{"line":74,"column":20},"end":{"line":76,"column":6}},"28":{"start":{"line":78,"column":4},"end":{"line":80,"column":5}},"29":{"start":{"line":79,"column":6},"end":{"line":79,"column":70}},"30":{"start":{"line":82,"column":4},"end":{"line":82,"column":40}},"31":{"start":{"line":84,"column":4},"end":{"line":84,"column":15}},"32":{"start":{"line":88,"column":0},"end":{"line":88,"column":47}}},"fnMap":{"0":{"name":"(anonymous_0)","decl":{"start":{"line":6,"column":17},"end":{"line":6,"column":18}},"loc":{"start":{"line":6,"column":43},"end":{"line":38,"column":1}},"line":6},"1":{"name":"(anonymous_1)","decl":{"start":{"line":41,"column":14},"end":{"line":41,"column":15}},"loc":{"start":{"line":41,"column":40},"end":{"line":69,"column":1}},"line":41},"2":{"name":"(anonymous_2)","decl":{"start":{"line":72,"column":18},"end":{"line":72,"column":19}},"loc":{"start":{"line":72,"column":44},"end":{"line":86,"column":1}},"line":72}},"branchMap":{"0":{"loc":{"start":{"line":12,"column":4},"end":{"line":16,"column":5}},"type":"if","locations":[{"start":{"line":12,"column":4},"end":{"line":16,"column":5}},{"start":{},"end":{}}],"line":12},"1":{"loc":{"start":{"line":46,"column":4},"end":{"line":48,"column":5}},"type":"if","locations":[{"start":{"line":46,"column":4},"end":{"line":48,"column":5}},{"start":{},"end":{}}],"line":46},"2":{"loc":{"start":{"line":52,"column":4},"end":{"line":54,"column":5}},"type":"if","locations":[{"start":{"line":52,"column":4},"end":{"line":54,"column":5}},{"start":{},"end":{}}],"line":52},"3":{"loc":{"start":{"line":78,"column":4},"end":{"line":80,"column":5}},"type":"if","locations":[{"start":{"line":78,"column":4},"end":{"line":80,"column":5}},{"start":{},"end":{}}],"line":78}},"s":{"0":1,"1":1,"2":1,"3":1,"4":1,"5":1,"6":1,"7":1,"8":0,"9":1,"10":1,"11":1,"12":0,"13":1,"14":0,"15":0,"16":0,"17":0,"18":0,"19":0,"20":0,"21":0,"22":0,"23":0,"24":0,"25":1,"26":0,"27":0,"28":0,"29":0,"30":0,"31":0,"32":1},"f":{"0":1,"1":0,"2":0},"b":{"0":[0,1],"1":[0,0],"2":[0,0],"3":[0,0]},"inputSourceMap":null,"_coverageSchema":"1a1c01bbd47fc00a2c39e90264f33305004495a9","hash":"322167da3792dc89ce4f04e405010134fa359238"}
,"/home/ricardo/repositorio/copyparcial2/parcial2Grupo2/controllers/categoria.controller.js": {"path":"/home/ricardo/repositorio/copyparcial2/parcial2Grupo2/controllers/categoria.controller.js","statementMap":{"0":{"start":{"line":1,"column":27},"end":{"line":1,"column":68}},"1":{"start":{"line":3,"column":25},"end":{"line":13,"column":1}},"2":{"start":{"line":4,"column":2},"end":{"line":12,"column":3}},"3":{"start":{"line":5,"column":23},"end":{"line":5,"column":53}},"4":{"start":{"line":6,"column":4},"end":{"line":8,"column":5}},"5":{"start":{"line":7,"column":6},"end":{"line":7,"column":74}},"6":{"start":{"line":9,"column":4},"end":{"line":9,"column":43}},"7":{"start":{"line":11,"column":4},"end":{"line":11,"column":15}},"8":{"start":{"line":15,"column":25},"end":{"line":26,"column":1}},"9":{"start":{"line":16,"column":2},"end":{"line":25,"column":3}},"10":{"start":{"line":17,"column":19},"end":{"line":17,"column":29}},"11":{"start":{"line":18,"column":32},"end":{"line":18,"column":65}},"12":{"start":{"line":19,"column":4},"end":{"line":21,"column":5}},"13":{"start":{"line":20,"column":6},"end":{"line":20,"column":75}},"14":{"start":{"line":22,"column":4},"end":{"line":22,"column":52}},"15":{"start":{"line":24,"column":4},"end":{"line":24,"column":15}},"16":{"start":{"line":28,"column":22},"end":{"line":36,"column":1}},"17":{"start":{"line":29,"column":2},"end":{"line":35,"column":3}},"18":{"start":{"line":30,"column":23},"end":{"line":30,"column":31}},"19":{"start":{"line":31,"column":28},"end":{"line":31,"column":67}},"20":{"start":{"line":32,"column":4},"end":{"line":32,"column":48}},"21":{"start":{"line":34,"column":4},"end":{"line":34,"column":15}},"22":{"start":{"line":38,"column":21},"end":{"line":51,"column":1}},"23":{"start":{"line":39,"column":2},"end":{"line":50,"column":3}},"24":{"start":{"line":40,"column":19},"end":{"line":40,"column":29}},"25":{"start":{"line":41,"column":23},"end":{"line":41,"column":31}},"26":{"start":{"line":42,"column":22},"end":{"line":42,"column":55}},"27":{"start":{"line":43,"column":4},"end":{"line":45,"column":5}},"28":{"start":{"line":44,"column":6},"end":{"line":44,"column":75}},"29":{"start":{"line":46,"column":4},"end":{"line":46,"column":38}},"30":{"start":{"line":47,"column":4},"end":{"line":47,"column":42}},"31":{"start":{"line":49,"column":4},"end":{"line":49,"column":15}},"32":{"start":{"line":53,"column":24},"end":{"line":67,"column":1}},"33":{"start":{"line":54,"column":2},"end":{"line":66,"column":3}},"34":{"start":{"line":55,"column":19},"end":{"line":55,"column":29}},"35":{"start":{"line":56,"column":22},"end":{"line":56,"column":55}},"36":{"start":{"line":57,"column":4},"end":{"line":59,"column":5}},"37":{"start":{"line":58,"column":6},"end":{"line":58,"column":75}},"38":{"start":{"line":60,"column":4},"end":{"line":60,"column":29}},"39":{"start":{"line":61,"column":4},"end":{"line":63,"column":63}},"40":{"start":{"line":65,"column":4},"end":{"line":65,"column":15}},"41":{"start":{"line":69,"column":0},"end":{"line":75,"column":1}}},"fnMap":{"0":{"name":"(anonymous_0)","decl":{"start":{"line":3,"column":25},"end":{"line":3,"column":26}},"loc":{"start":{"line":3,"column":51},"end":{"line":13,"column":1}},"line":3},"1":{"name":"(anonymous_1)","decl":{"start":{"line":15,"column":25},"end":{"line":15,"column":26}},"loc":{"start":{"line":15,"column":51},"end":{"line":26,"column":1}},"line":15},"2":{"name":"(anonymous_2)","decl":{"start":{"line":28,"column":22},"end":{"line":28,"column":23}},"loc":{"start":{"line":28,"column":48},"end":{"line":36,"column":1}},"line":28},"3":{"name":"(anonymous_3)","decl":{"start":{"line":38,"column":21},"end":{"line":38,"column":22}},"loc":{"start":{"line":38,"column":47},"end":{"line":51,"column":1}},"line":38},"4":{"name":"(anonymous_4)","decl":{"start":{"line":53,"column":24},"end":{"line":53,"column":25}},"loc":{"start":{"line":53,"column":50},"end":{"line":67,"column":1}},"line":53}},"branchMap":{"0":{"loc":{"start":{"line":6,"column":4},"end":{"line":8,"column":5}},"type":"if","locations":[{"start":{"line":6,"column":4},"end":{"line":8,"column":5}},{"start":{},"end":{}}],"line":6},"1":{"loc":{"start":{"line":6,"column":8},"end":{"line":6,"column":46}},"type":"binary-expr","locations":[{"start":{"line":6,"column":8},"end":{"line":6,"column":19}},{"start":{"line":6,"column":23},"end":{"line":6,"column":46}}],"line":6},"2":{"loc":{"start":{"line":19,"column":4},"end":{"line":21,"column":5}},"type":"if","locations":[{"start":{"line":19,"column":4},"end":{"line":21,"column":5}},{"start":{},"end":{}}],"line":19},"3":{"loc":{"start":{"line":43,"column":4},"end":{"line":45,"column":5}},"type":"if","locations":[{"start":{"line":43,"column":4},"end":{"line":45,"column":5}},{"start":{},"end":{}}],"line":43},"4":{"loc":{"start":{"line":57,"column":4},"end":{"line":59,"column":5}},"type":"if","locations":[{"start":{"line":57,"column":4},"end":{"line":59,"column":5}},{"start":{},"end":{}}],"line":57}},"s":{"0":1,"1":1,"2":1,"3":1,"4":1,"5":0,"6":1,"7":0,"8":1,"9":1,"10":1,"11":1,"12":1,"13":0,"14":1,"15":0,"16":1,"17":1,"18":1,"19":1,"20":1,"21":0,"22":1,"23":0,"24":0,"25":0,"26":0,"27":0,"28":0,"29":0,"30":0,"31":0,"32":1,"33":1,"34":1,"35":1,"36":1,"37":0,"38":1,"39":1,"40":0,"41":1},"f":{"0":1,"1":1,"2":1,"3":0,"4":1},"b":{"0":[0,1],"1":[1,1],"2":[0,1],"3":[0,0],"4":[0,1]},"inputSourceMap":null,"_coverageSchema":"1a1c01bbd47fc00a2c39e90264f33305004495a9","hash":"964b79c70e6536f078f1562edb55adb860d6141b"}
,"/home/ricardo/repositorio/copyparcial2/parcial2Grupo2/controllers/transaccion.controller.js": {"path":"/home/ricardo/repositorio/copyparcial2/parcial2Grupo2/controllers/transaccion.controller.js","statementMap":{"0":{"start":{"line":1,"column":29},"end":{"line":1,"column":72}},"1":{"start":{"line":3,"column":28},"end":{"line":15,"column":1}},"2":{"start":{"line":4,"column":2},"end":{"line":14,"column":3}},"3":{"start":{"line":5,"column":26},"end":{"line":7,"column":6}},"4":{"start":{"line":8,"column":4},"end":{"line":10,"column":5}},"5":{"start":{"line":9,"column":6},"end":{"line":9,"column":77}},"6":{"start":{"line":11,"column":4},"end":{"line":11,"column":46}},"7":{"start":{"line":13,"column":4},"end":{"line":13,"column":15}},"8":{"start":{"line":17,"column":27},"end":{"line":30,"column":1}},"9":{"start":{"line":18,"column":2},"end":{"line":29,"column":3}},"10":{"start":{"line":19,"column":19},"end":{"line":19,"column":29}},"11":{"start":{"line":20,"column":24},"end":{"line":22,"column":6}},"12":{"start":{"line":23,"column":4},"end":{"line":25,"column":5}},"13":{"start":{"line":24,"column":6},"end":{"line":24,"column":77}},"14":{"start":{"line":26,"column":4},"end":{"line":26,"column":44}},"15":{"start":{"line":28,"column":4},"end":{"line":28,"column":15}},"16":{"start":{"line":32,"column":24},"end":{"line":47,"column":1}},"17":{"start":{"line":33,"column":2},"end":{"line":46,"column":3}},"18":{"start":{"line":34,"column":62},"end":{"line":34,"column":70}},"19":{"start":{"line":35,"column":30},"end":{"line":42,"column":6}},"20":{"start":{"line":43,"column":4},"end":{"line":43,"column":50}},"21":{"start":{"line":45,"column":4},"end":{"line":45,"column":15}},"22":{"start":{"line":49,"column":23},"end":{"line":64,"column":1}},"23":{"start":{"line":50,"column":2},"end":{"line":63,"column":3}},"24":{"start":{"line":51,"column":19},"end":{"line":51,"column":29}},"25":{"start":{"line":52,"column":62},"end":{"line":52,"column":70}},"26":{"start":{"line":53,"column":24},"end":{"line":55,"column":6}},"27":{"start":{"line":56,"column":4},"end":{"line":58,"column":5}},"28":{"start":{"line":57,"column":6},"end":{"line":57,"column":77}},"29":{"start":{"line":59,"column":4},"end":{"line":59,"column":79}},"30":{"start":{"line":60,"column":4},"end":{"line":60,"column":44}},"31":{"start":{"line":62,"column":4},"end":{"line":62,"column":15}},"32":{"start":{"line":66,"column":26},"end":{"line":82,"column":1}},"33":{"start":{"line":67,"column":2},"end":{"line":81,"column":3}},"34":{"start":{"line":68,"column":19},"end":{"line":68,"column":29}},"35":{"start":{"line":69,"column":24},"end":{"line":71,"column":6}},"36":{"start":{"line":72,"column":4},"end":{"line":74,"column":5}},"37":{"start":{"line":73,"column":6},"end":{"line":73,"column":77}},"38":{"start":{"line":75,"column":4},"end":{"line":75,"column":31}},"39":{"start":{"line":76,"column":4},"end":{"line":78,"column":65}},"40":{"start":{"line":80,"column":4},"end":{"line":80,"column":15}},"41":{"start":{"line":83,"column":19},"end":{"line":111,"column":1}},"42":{"start":{"line":84,"column":2},"end":{"line":110,"column":3}},"43":{"start":{"line":85,"column":26},"end":{"line":87,"column":6}},"44":{"start":{"line":89,"column":18},"end":{"line":89,"column":19}},"45":{"start":{"line":90,"column":24},"end":{"line":90,"column":25}},"46":{"start":{"line":91,"column":22},"end":{"line":91,"column":23}},"47":{"start":{"line":93,"column":4},"end":{"line":101,"column":6}},"48":{"start":{"line":94,"column":6},"end":{"line":100,"column":7}},"49":{"start":{"line":95,"column":8},"end":{"line":95,"column":44}},"50":{"start":{"line":96,"column":8},"end":{"line":96,"column":38}},"51":{"start":{"line":98,"column":8},"end":{"line":98,"column":42}},"52":{"start":{"line":99,"column":8},"end":{"line":99,"column":38}},"53":{"start":{"line":103,"column":4},"end":{"line":107,"column":6}},"54":{"start":{"line":109,"column":4},"end":{"line":109,"column":15}},"55":{"start":{"line":113,"column":0},"end":{"line":120,"column":1}}},"fnMap":{"0":{"name":"(anonymous_0)","decl":{"start":{"line":3,"column":28},"end":{"line":3,"column":29}},"loc":{"start":{"line":3,"column":54},"end":{"line":15,"column":1}},"line":3},"1":{"name":"(anonymous_1)","decl":{"start":{"line":17,"column":27},"end":{"line":17,"column":28}},"loc":{"start":{"line":17,"column":53},"end":{"line":30,"column":1}},"line":17},"2":{"name":"(anonymous_2)","decl":{"start":{"line":32,"column":24},"end":{"line":32,"column":25}},"loc":{"start":{"line":32,"column":50},"end":{"line":47,"column":1}},"line":32},"3":{"name":"(anonymous_3)","decl":{"start":{"line":49,"column":23},"end":{"line":49,"column":24}},"loc":{"start":{"line":49,"column":49},"end":{"line":64,"column":1}},"line":49},"4":{"name":"(anonymous_4)","decl":{"start":{"line":66,"column":26},"end":{"line":66,"column":27}},"loc":{"start":{"line":66,"column":52},"end":{"line":82,"column":1}},"line":66},"5":{"name":"(anonymous_5)","decl":{"start":{"line":83,"column":19},"end":{"line":83,"column":20}},"loc":{"start":{"line":83,"column":45},"end":{"line":111,"column":1}},"line":83},"6":{"name":"(anonymous_6)","decl":{"start":{"line":93,"column":26},"end":{"line":93,"column":27}},"loc":{"start":{"line":93,"column":33},"end":{"line":101,"column":5}},"line":93}},"branchMap":{"0":{"loc":{"start":{"line":8,"column":4},"end":{"line":10,"column":5}},"type":"if","locations":[{"start":{"line":8,"column":4},"end":{"line":10,"column":5}},{"start":{},"end":{}}],"line":8},"1":{"loc":{"start":{"line":8,"column":8},"end":{"line":8,"column":52}},"type":"binary-expr","locations":[{"start":{"line":8,"column":8},"end":{"line":8,"column":22}},{"start":{"line":8,"column":26},"end":{"line":8,"column":52}}],"line":8},"2":{"loc":{"start":{"line":23,"column":4},"end":{"line":25,"column":5}},"type":"if","locations":[{"start":{"line":23,"column":4},"end":{"line":25,"column":5}},{"start":{},"end":{}}],"line":23},"3":{"loc":{"start":{"line":37,"column":13},"end":{"line":37,"column":32}},"type":"binary-expr","locations":[{"start":{"line":37,"column":13},"end":{"line":37,"column":18}},{"start":{"line":37,"column":22},"end":{"line":37,"column":32}}],"line":37},"4":{"loc":{"start":{"line":56,"column":4},"end":{"line":58,"column":5}},"type":"if","locations":[{"start":{"line":56,"column":4},"end":{"line":58,"column":5}},{"start":{},"end":{}}],"line":56},"5":{"loc":{"start":{"line":72,"column":4},"end":{"line":74,"column":5}},"type":"if","locations":[{"start":{"line":72,"column":4},"end":{"line":74,"column":5}},{"start":{},"end":{}}],"line":72},"6":{"loc":{"start":{"line":94,"column":6},"end":{"line":100,"column":7}},"type":"if","locations":[{"start":{"line":94,"column":6},"end":{"line":100,"column":7}},{"start":{"line":97,"column":13},"end":{"line":100,"column":7}}],"line":94}},"s":{"0":1,"1":1,"2":1,"3":1,"4":1,"5":0,"6":1,"7":0,"8":1,"9":1,"10":1,"11":1,"12":1,"13":0,"14":1,"15":0,"16":1,"17":1,"18":1,"19":1,"20":1,"21":0,"22":1,"23":0,"24":0,"25":0,"26":0,"27":0,"28":0,"29":0,"30":0,"31":0,"32":1,"33":1,"34":1,"35":1,"36":1,"37":0,"38":1,"39":1,"40":0,"41":1,"42":1,"43":1,"44":1,"45":1,"46":1,"47":1,"48":2,"49":1,"50":1,"51":1,"52":1,"53":1,"54":0,"55":1},"f":{"0":1,"1":1,"2":1,"3":0,"4":1,"5":1,"6":2},"b":{"0":[0,1],"1":[1,1],"2":[0,1],"3":[1,0],"4":[0,0],"5":[0,1],"6":[1,1]},"inputSourceMap":null,"_coverageSchema":"1a1c01bbd47fc00a2c39e90264f33305004495a9","hash":"5b674f6f2db9456be03e47f109095ffb168fc4d9"}
,"/home/ricardo/repositorio/copyparcial2/parcial2Grupo2/controllers/usuario.controller.js": {"path":"/home/ricardo/repositorio/copyparcial2/parcial2Grupo2/controllers/usuario.controller.js","statementMap":{"0":{"start":{"line":1,"column":25},"end":{"line":1,"column":64}},"1":{"start":{"line":3,"column":23},"end":{"line":13,"column":1}},"2":{"start":{"line":4,"column":2},"end":{"line":12,"column":3}},"3":{"start":{"line":5,"column":21},"end":{"line":5,"column":49}},"4":{"start":{"line":6,"column":4},"end":{"line":8,"column":5}},"5":{"start":{"line":7,"column":6},"end":{"line":7,"column":72}},"6":{"start":{"line":9,"column":4},"end":{"line":9,"column":41}},"7":{"start":{"line":11,"column":4},"end":{"line":11,"column":15}},"8":{"start":{"line":15,"column":23},"end":{"line":28,"column":1}},"9":{"start":{"line":16,"column":2},"end":{"line":27,"column":3}},"10":{"start":{"line":17,"column":19},"end":{"line":17,"column":29}},"11":{"start":{"line":18,"column":30},"end":{"line":18,"column":61}},"12":{"start":{"line":19,"column":4},"end":{"line":23,"column":5}},"13":{"start":{"line":20,"column":6},"end":{"line":22,"column":63}},"14":{"start":{"line":24,"column":4},"end":{"line":24,"column":50}},"15":{"start":{"line":26,"column":4},"end":{"line":26,"column":15}},"16":{"start":{"line":30,"column":20},"end":{"line":43,"column":1}},"17":{"start":{"line":31,"column":2},"end":{"line":42,"column":3}},"18":{"start":{"line":32,"column":50},"end":{"line":32,"column":58}},"19":{"start":{"line":33,"column":26},"end":{"line":38,"column":6}},"20":{"start":{"line":39,"column":4},"end":{"line":39,"column":46}},"21":{"start":{"line":41,"column":4},"end":{"line":41,"column":15}},"22":{"start":{"line":45,"column":19},"end":{"line":60,"column":1}},"23":{"start":{"line":46,"column":2},"end":{"line":59,"column":3}},"24":{"start":{"line":47,"column":19},"end":{"line":47,"column":29}},"25":{"start":{"line":48,"column":50},"end":{"line":48,"column":58}},"26":{"start":{"line":50,"column":20},"end":{"line":50,"column":51}},"27":{"start":{"line":51,"column":4},"end":{"line":53,"column":5}},"28":{"start":{"line":52,"column":6},"end":{"line":52,"column":83}},"29":{"start":{"line":55,"column":4},"end":{"line":55,"column":63}},"30":{"start":{"line":56,"column":4},"end":{"line":56,"column":40}},"31":{"start":{"line":58,"column":4},"end":{"line":58,"column":15}},"32":{"start":{"line":62,"column":22},"end":{"line":75,"column":1}},"33":{"start":{"line":63,"column":2},"end":{"line":74,"column":3}},"34":{"start":{"line":64,"column":19},"end":{"line":64,"column":29}},"35":{"start":{"line":65,"column":20},"end":{"line":65,"column":51}},"36":{"start":{"line":66,"column":4},"end":{"line":68,"column":5}},"37":{"start":{"line":67,"column":6},"end":{"line":67,"column":83}},"38":{"start":{"line":70,"column":4},"end":{"line":70,"column":27}},"39":{"start":{"line":71,"column":4},"end":{"line":71,"column":81}},"40":{"start":{"line":73,"column":4},"end":{"line":73,"column":15}},"41":{"start":{"line":77,"column":0},"end":{"line":77,"column":91}}},"fnMap":{"0":{"name":"(anonymous_0)","decl":{"start":{"line":3,"column":23},"end":{"line":3,"column":24}},"loc":{"start":{"line":3,"column":49},"end":{"line":13,"column":1}},"line":3},"1":{"name":"(anonymous_1)","decl":{"start":{"line":15,"column":23},"end":{"line":15,"column":24}},"loc":{"start":{"line":15,"column":49},"end":{"line":28,"column":1}},"line":15},"2":{"name":"(anonymous_2)","decl":{"start":{"line":30,"column":20},"end":{"line":30,"column":21}},"loc":{"start":{"line":30,"column":46},"end":{"line":43,"column":1}},"line":30},"3":{"name":"(anonymous_3)","decl":{"start":{"line":45,"column":19},"end":{"line":45,"column":20}},"loc":{"start":{"line":45,"column":45},"end":{"line":60,"column":1}},"line":45},"4":{"name":"(anonymous_4)","decl":{"start":{"line":62,"column":22},"end":{"line":62,"column":23}},"loc":{"start":{"line":62,"column":48},"end":{"line":75,"column":1}},"line":62}},"branchMap":{"0":{"loc":{"start":{"line":6,"column":4},"end":{"line":8,"column":5}},"type":"if","locations":[{"start":{"line":6,"column":4},"end":{"line":8,"column":5}},{"start":{},"end":{}}],"line":6},"1":{"loc":{"start":{"line":6,"column":8},"end":{"line":6,"column":42}},"type":"binary-expr","locations":[{"start":{"line":6,"column":8},"end":{"line":6,"column":17}},{"start":{"line":6,"column":21},"end":{"line":6,"column":42}}],"line":6},"2":{"loc":{"start":{"line":19,"column":4},"end":{"line":23,"column":5}},"type":"if","locations":[{"start":{"line":19,"column":4},"end":{"line":23,"column":5}},{"start":{},"end":{}}],"line":19},"3":{"loc":{"start":{"line":51,"column":4},"end":{"line":53,"column":5}},"type":"if","locations":[{"start":{"line":51,"column":4},"end":{"line":53,"column":5}},{"start":{},"end":{}}],"line":51},"4":{"loc":{"start":{"line":66,"column":4},"end":{"line":68,"column":5}},"type":"if","locations":[{"start":{"line":66,"column":4},"end":{"line":68,"column":5}},{"start":{},"end":{}}],"line":66}},"s":{"0":1,"1":1,"2":1,"3":1,"4":1,"5":0,"6":1,"7":0,"8":1,"9":1,"10":1,"11":1,"12":1,"13":0,"14":1,"15":0,"16":1,"17":1,"18":1,"19":1,"20":1,"21":0,"22":1,"23":1,"24":1,"25":1,"26":1,"27":1,"28":0,"29":1,"30":1,"31":0,"32":1,"33":1,"34":1,"35":1,"36":1,"37":0,"38":1,"39":1,"40":0,"41":1},"f":{"0":1,"1":1,"2":1,"3":1,"4":1},"b":{"0":[0,1],"1":[1,1],"2":[0,1],"3":[0,1],"4":[0,1]},"inputSourceMap":null,"_coverageSchema":"1a1c01bbd47fc00a2c39e90264f33305004495a9","hash":"3b74d1cdfb75759ce477c4edd71b788cc5d5d9ea"}
,"/home/ricardo/repositorio/copyparcial2/parcial2Grupo2/routes/auth.routes.js": {"path":"/home/ricardo/repositorio/copyparcial2/parcial2Grupo2/routes/auth.routes.js","statementMap":{"0":{"start":{"line":1,"column":16},"end":{"line":1,"column":34}},"1":{"start":{"line":2,"column":15},"end":{"line":2,"column":31}},"2":{"start":{"line":4,"column":39},"end":{"line":4,"column":80}},"3":{"start":{"line":5,"column":31},"end":{"line":5,"column":73}},"4":{"start":{"line":6,"column":27},"end":{"line":6,"column":67}},"5":{"start":{"line":9,"column":0},"end":{"line":9,"column":54}},"6":{"start":{"line":10,"column":0},"end":{"line":10,"column":28}},"7":{"start":{"line":13,"column":0},"end":{"line":13,"column":48}},"8":{"start":{"line":15,"column":0},"end":{"line":15,"column":23}}},"fnMap":{},"branchMap":{},"s":{"0":1,"1":1,"2":1,"3":1,"4":1,"5":1,"6":1,"7":1,"8":1},"f":{},"b":{},"inputSourceMap":null,"_coverageSchema":"1a1c01bbd47fc00a2c39e90264f33305004495a9","hash":"8912177e359c2cd49333e1b7d340bfd4591cbffd"}
,"/home/ricardo/repositorio/copyparcial2/parcial2Grupo2/routes/categoria.routes.js": {"path":"/home/ricardo/repositorio/copyparcial2/parcial2Grupo2/routes/categoria.routes.js","statementMap":{"0":{"start":{"line":1,"column":19},"end":{"line":1,"column":37}},"1":{"start":{"line":2,"column":15},"end":{"line":2,"column":23}},"2":{"start":{"line":3,"column":32},"end":{"line":3,"column":76}},"3":{"start":{"line":10,"column":4},"end":{"line":10,"column":50}},"4":{"start":{"line":12,"column":0},"end":{"line":12,"column":33}},"5":{"start":{"line":13,"column":0},"end":{"line":13,"column":36}},"6":{"start":{"line":14,"column":0},"end":{"line":14,"column":52}},"7":{"start":{"line":15,"column":0},"end":{"line":15,"column":53}},"8":{"start":{"line":16,"column":0},"end":{"line":16,"column":38}},"9":{"start":{"line":18,"column":0},"end":{"line":18,"column":23}}},"fnMap":{},"branchMap":{},"s":{"0":1,"1":1,"2":1,"3":1,"4":1,"5":1,"6":1,"7":1,"8":1,"9":1},"f":{},"b":{},"inputSourceMap":null,"_coverageSchema":"1a1c01bbd47fc00a2c39e90264f33305004495a9","hash":"15ff15e63b25f26ac8f241769b33b7b6e38f7d01"}
,"/home/ricardo/repositorio/copyparcial2/parcial2Grupo2/routes/transaccion.routes.js": {"path":"/home/ricardo/repositorio/copyparcial2/parcial2Grupo2/routes/transaccion.routes.js","statementMap":{"0":{"start":{"line":1,"column":19},"end":{"line":1,"column":37}},"1":{"start":{"line":2,"column":15},"end":{"line":2,"column":23}},"2":{"start":{"line":3,"column":34},"end":{"line":3,"column":80}},"3":{"start":{"line":4,"column":27},"end":{"line":4,"column":67}},"4":{"start":{"line":12,"column":4},"end":{"line":12,"column":52}},"5":{"start":{"line":14,"column":0},"end":{"line":14,"column":52}},"6":{"start":{"line":15,"column":0},"end":{"line":15,"column":50}},"7":{"start":{"line":16,"column":0},"end":{"line":16,"column":54}},"8":{"start":{"line":17,"column":0},"end":{"line":17,"column":72}},"9":{"start":{"line":18,"column":0},"end":{"line":18,"column":73}},"10":{"start":{"line":19,"column":0},"end":{"line":19,"column":56}},"11":{"start":{"line":21,"column":0},"end":{"line":21,"column":23}}},"fnMap":{},"branchMap":{},"s":{"0":1,"1":1,"2":1,"3":1,"4":1,"5":1,"6":1,"7":1,"8":1,"9":1,"10":1,"11":1},"f":{},"b":{},"inputSourceMap":null,"_coverageSchema":"1a1c01bbd47fc00a2c39e90264f33305004495a9","hash":"e06ae08387721fd5c5fb8ad4b08c98a70bee3be0"}
,"/home/ricardo/repositorio/copyparcial2/parcial2Grupo2/routes/usuario.routes.js": {"path":"/home/ricardo/repositorio/copyparcial2/parcial2Grupo2/routes/usuario.routes.js","statementMap":{"0":{"start":{"line":1,"column":19},"end":{"line":1,"column":37}},"1":{"start":{"line":2,"column":15},"end":{"line":2,"column":23}},"2":{"start":{"line":3,"column":31},"end":{"line":3,"column":73}},"3":{"start":{"line":11,"column":4},"end":{"line":11,"column":48}},"4":{"start":{"line":13,"column":0},"end":{"line":13,"column":31}},"5":{"start":{"line":14,"column":0},"end":{"line":14,"column":34}},"6":{"start":{"line":15,"column":0},"end":{"line":15,"column":49}},"7":{"start":{"line":16,"column":0},"end":{"line":16,"column":50}},"8":{"start":{"line":17,"column":0},"end":{"line":17,"column":36}},"9":{"start":{"line":19,"column":0},"end":{"line":19,"column":23}}},"fnMap":{},"branchMap":{},"s":{"0":1,"1":1,"2":1,"3":1,"4":1,"5":1,"6":1,"7":1,"8":1,"9":1},"f":{},"b":{},"inputSourceMap":null,"_coverageSchema":"1a1c01bbd47fc00a2c39e90264f33305004495a9","hash":"3decf815928de79723e43feff7b132980e5d773c"}
}
